<?xml version="1.0" encoding="UTF-8"?>
<!-- Generated by org.testng.reporters.JUnitXMLReporter -->
<testsuite hostname="EPBYMINW1306" name="Default test" tests="5" failures="0" timestamp="14 Apr 2017 11:44:48 GMT" time="2.229" errors="0">
  <testcase name="findApartmentByCriteriaCityCountryTest" time="0.052" classname="com.epam.apartment.dao.ApartmentDaoTest"/>
  <testcase name="findAvailableApartmentsForDatesWithBookingsTest" time="0.026" classname="com.epam.apartment.dao.ApartmentDaoTest"/>
  <testcase name="findAvailableApartmentsForDatesWithoutBookingsTest" time="0.019" classname="com.epam.apartment.dao.ApartmentDaoTest"/>
  <testcase name="findConcreteApartmentByExistedNameTest" time="0.007" classname="com.epam.apartment.dao.ApartmentDaoTest"/>
  <testcase name="findConcreteApartmentByUnexistedNameTest" time="0.019" classname="com.epam.apartment.dao.ApartmentDaoTest"/>
</testsuite> <!-- Default test -->
