<?xml version="1.0" encoding="UTF-8"?>
<!-- Generated by org.testng.reporters.JUnitXMLReporter -->
<testsuite hostname="EPBYMINW1306" name="Command line test" tests="14" failures="0" timestamp="14 Apr 2017 14:43:26 GMT" time="1.189" errors="0">
  <testcase name="findApartmentsByCriteria" time="0.026" classname="com.epam.apartment.service.ApartmentServiceTest"/>
  <testcase name="findAvailableApartmentsLeavingBeforeArrivingTest" time="0.1" classname="com.epam.apartment.service.ApartmentServiceTest"/>
  <testcase name="findAvailableApartmentsSuccessTest" time="0.0" classname="com.epam.apartment.service.ApartmentServiceTest"/>
  <testcase name="findConcreteApartmentsTwoFoundTest" time="0.0" classname="com.epam.apartment.service.ApartmentServiceTest"/>
  <testcase name="aithoriseUserUnexistedEmailTest" time="0.0" classname="com.epam.apartment.service.UserServiceTest"/>
  <testcase name="authoriseUserSuccessTest" time="0.001" classname="com.epam.apartment.service.UserServiceTest"/>
  <testcase name="changePswdSuccessTest" time="0.001" classname="com.epam.apartment.service.UserServiceTest"/>
  <testcase name="editProfileDuplicatedKeyExceptionTest" time="0.005" classname="com.epam.apartment.service.UserServiceTest"/>
  <testcase name="editProfileSuccessTest" time="0.001" classname="com.epam.apartment.service.UserServiceTest"/>
  <testcase name="registerNewUserSuccessTest" time="0.026" classname="com.epam.apartment.service.UserServiceTest"/>
  <testcase name="registerNewUserThrowDuplicatedKeyExceptionTest" time="0.001" classname="com.epam.apartment.service.UserServiceTest"/>
  <testcase name="registerNewUserUnmatchingPswdsTest" time="0.001" classname="com.epam.apartment.service.UserServiceTest"/>
  <testcase name="restorePswdMatchingPswdsTest" time="0.001" classname="com.epam.apartment.service.UserServiceTest"/>
  <testcase name="restorePswdUnmatchingPswdsTest" time="0.001" classname="com.epam.apartment.service.UserServiceTest"/>
</testsuite> <!-- Command line test -->
