<?xml version="1.0" encoding="UTF-8"?>
<!-- Generated by org.testng.reporters.JUnitXMLReporter -->
<testsuite hostname="EPBYMINW1306" name="Default test" tests="9" failures="0" timestamp="14 Apr 2017 14:23:05 GMT" time="2.748" errors="0">
  <testcase name="authoriseUserReturnNullTest" time="0.048" classname="com.epam.apartment.dao.UserDaoTest"/>
  <testcase name="authoriseUserSuccessTest" time="0.011" classname="com.epam.apartment.dao.UserDaoTest"/>
  <testcase name="changePswdSuccessTest" time="0.015" classname="com.epam.apartment.dao.UserDaoTest"/>
  <testcase name="editProfileSuccessTest" time="0.034" classname="com.epam.apartment.dao.UserDaoTest"/>
  <testcase name="editProfileThrowsDuplicatedKeyExceptionTest" time="0.198" classname="com.epam.apartment.dao.UserDaoTest"/>
  <testcase name="registerNewUserSuccessTest" time="0.014" classname="com.epam.apartment.dao.UserDaoTest"/>
  <testcase name="registerNewUserWithSameEmailTest" time="0.006" classname="com.epam.apartment.dao.UserDaoTest"/>
  <testcase name="restorePswdSuccessTest" time="0.007" classname="com.epam.apartment.dao.UserDaoTest"/>
  <testcase name="restorePswdWithNotFoundEmailTest" time="0.003" classname="com.epam.apartment.dao.UserDaoTest"/>
</testsuite> <!-- Default test -->
