<?xml version="1.0" encoding="UTF-8"?>
<testng-results skipped="0" failed="0" total="14" passed="14">
  <reporter-output>
  </reporter-output>
  <suite name="Command line suite" duration-ms="1189" started-at="2017-04-14T14:43:25Z" finished-at="2017-04-14T14:43:26Z">
    <groups>
    </groups>
    <test name="Command line test" duration-ms="1189" started-at="2017-04-14T14:43:25Z" finished-at="2017-04-14T14:43:26Z">
      <class name="com.epam.apartment.service.ApartmentServiceTest">
        <test-method status="PASS" signature="setUp()[pri:0, instance:com.epam.apartment.service.ApartmentServiceTest@5ebec15]" name="setUp" is-config="true" duration-ms="926" started-at="2017-04-14T17:43:25Z" finished-at="2017-04-14T17:43:26Z">
          <reporter-output>
          </reporter-output>
        </test-method> <!-- setUp -->
        <test-method status="PASS" signature="findApartmentsByCriteria()[pri:0, instance:com.epam.apartment.service.ApartmentServiceTest@5ebec15]" name="findApartmentsByCriteria" duration-ms="26" started-at="2017-04-14T17:43:26Z" finished-at="2017-04-14T17:43:26Z">
          <reporter-output>
          </reporter-output>
        </test-method> <!-- findApartmentsByCriteria -->
        <test-method status="PASS" signature="findAvailableApartmentsLeavingBeforeArrivingTest()[pri:0, instance:com.epam.apartment.service.ApartmentServiceTest@5ebec15]" name="findAvailableApartmentsLeavingBeforeArrivingTest" duration-ms="100" started-at="2017-04-14T17:43:26Z" finished-at="2017-04-14T17:43:26Z">
          <exception class="com.epam.apartment.service.ServiceException">
            <full-stacktrace>
              <![CDATA[com.epam.apartment.service.ServiceException
	at com.epam.apartment.service.impl.ApartmentServiceImpl.findAvailableApartments(ApartmentServiceImpl.java:28)
	at com.epam.apartment.service.ApartmentServiceTest.findAvailableApartmentsLeavingBeforeArrivingTest(ApartmentServiceTest.java:61)
	at sun.reflect.NativeMethodAccessorImpl.invoke0(Native Method)
	at sun.reflect.NativeMethodAccessorImpl.invoke(NativeMethodAccessorImpl.java:62)
	at sun.reflect.DelegatingMethodAccessorImpl.invoke(DelegatingMethodAccessorImpl.java:43)
	at java.lang.reflect.Method.invoke(Method.java:498)
	at org.testng.internal.MethodInvocationHelper.invokeMethod(MethodInvocationHelper.java:85)
	at org.testng.internal.Invoker.invokeMethod(Invoker.java:659)
	at org.testng.internal.Invoker.invokeTestMethod(Invoker.java:845)
	at org.testng.internal.Invoker.invokeTestMethods(Invoker.java:1153)
	at org.testng.internal.TestMethodWorker.invokeTestMethods(TestMethodWorker.java:125)
	at org.testng.internal.TestMethodWorker.run(TestMethodWorker.java:108)
	at org.testng.TestRunner.privateRun(TestRunner.java:771)
	at org.testng.TestRunner.run(TestRunner.java:621)
	at org.testng.SuiteRunner.runTest(SuiteRunner.java:357)
	at org.testng.SuiteRunner.runSequentially(SuiteRunner.java:352)
	at org.testng.SuiteRunner.privateRun(SuiteRunner.java:310)
	at org.testng.SuiteRunner.run(SuiteRunner.java:259)
	at org.testng.SuiteRunnerWorker.runSuite(SuiteRunnerWorker.java:52)
	at org.testng.SuiteRunnerWorker.run(SuiteRunnerWorker.java:86)
	at org.testng.TestNG.runSuitesSequentially(TestNG.java:1199)
	at org.testng.TestNG.runSuitesLocally(TestNG.java:1124)
	at org.testng.TestNG.run(TestNG.java:1032)
	at org.apache.maven.surefire.testng.TestNGExecutor.run(TestNGExecutor.java:77)
	at org.apache.maven.surefire.testng.TestNGDirectoryTestSuite.executeMulti(TestNGDirectoryTestSuite.java:159)
	at org.apache.maven.surefire.testng.TestNGDirectoryTestSuite.execute(TestNGDirectoryTestSuite.java:99)
	at org.apache.maven.surefire.testng.TestNGProvider.invoke(TestNGProvider.java:106)
	at sun.reflect.NativeMethodAccessorImpl.invoke0(Native Method)
	at sun.reflect.NativeMethodAccessorImpl.invoke(NativeMethodAccessorImpl.java:62)
	at sun.reflect.DelegatingMethodAccessorImpl.invoke(DelegatingMethodAccessorImpl.java:43)
	at java.lang.reflect.Method.invoke(Method.java:498)
	at org.apache.maven.surefire.util.ReflectionUtils.invokeMethodWithArray(ReflectionUtils.java:189)
	at org.apache.maven.surefire.booter.ProviderFactory$ProviderProxy.invoke(ProviderFactory.java:165)
	at org.apache.maven.surefire.booter.ProviderFactory.invokeProvider(ProviderFactory.java:85)
	at org.apache.maven.surefire.booter.ForkedBooter.runSuitesInProcess(ForkedBooter.java:115)
	at org.apache.maven.surefire.booter.ForkedBooter.main(ForkedBooter.java:75)
]]>
            </full-stacktrace>
          </exception> <!-- com.epam.apartment.service.ServiceException -->
          <reporter-output>
          </reporter-output>
        </test-method> <!-- findAvailableApartmentsLeavingBeforeArrivingTest -->
        <test-method status="PASS" signature="findAvailableApartmentsSuccessTest()[pri:0, instance:com.epam.apartment.service.ApartmentServiceTest@5ebec15]" name="findAvailableApartmentsSuccessTest" duration-ms="0" started-at="2017-04-14T17:43:26Z" finished-at="2017-04-14T17:43:26Z">
          <reporter-output>
          </reporter-output>
        </test-method> <!-- findAvailableApartmentsSuccessTest -->
        <test-method status="PASS" signature="findConcreteApartmentsTwoFoundTest()[pri:0, instance:com.epam.apartment.service.ApartmentServiceTest@5ebec15]" name="findConcreteApartmentsTwoFoundTest" duration-ms="0" started-at="2017-04-14T17:43:26Z" finished-at="2017-04-14T17:43:26Z">
          <reporter-output>
          </reporter-output>
        </test-method> <!-- findConcreteApartmentsTwoFoundTest -->
      </class> <!-- com.epam.apartment.service.ApartmentServiceTest -->
      <class name="com.epam.apartment.service.UserServiceTest">
        <test-method status="PASS" signature="setUp()[pri:0, instance:com.epam.apartment.service.UserServiceTest@4e04a765]" name="setUp" is-config="true" duration-ms="69" started-at="2017-04-14T17:43:26Z" finished-at="2017-04-14T17:43:26Z">
          <reporter-output>
          </reporter-output>
        </test-method> <!-- setUp -->
        <test-method status="PASS" signature="aithoriseUserUnexistedEmailTest()[pri:0, instance:com.epam.apartment.service.UserServiceTest@4e04a765]" name="aithoriseUserUnexistedEmailTest" duration-ms="0" started-at="2017-04-14T17:43:26Z" finished-at="2017-04-14T17:43:26Z">
          <reporter-output>
          </reporter-output>
        </test-method> <!-- aithoriseUserUnexistedEmailTest -->
        <test-method status="PASS" signature="authoriseUserSuccessTest()[pri:0, instance:com.epam.apartment.service.UserServiceTest@4e04a765]" name="authoriseUserSuccessTest" duration-ms="1" started-at="2017-04-14T17:43:26Z" finished-at="2017-04-14T17:43:26Z">
          <reporter-output>
          </reporter-output>
        </test-method> <!-- authoriseUserSuccessTest -->
        <test-method status="PASS" signature="changePswdSuccessTest()[pri:0, instance:com.epam.apartment.service.UserServiceTest@4e04a765]" name="changePswdSuccessTest" duration-ms="1" started-at="2017-04-14T17:43:26Z" finished-at="2017-04-14T17:43:26Z">
          <reporter-output>
          </reporter-output>
        </test-method> <!-- changePswdSuccessTest -->
        <test-method status="PASS" signature="editProfileDuplicatedKeyExceptionTest()[pri:0, instance:com.epam.apartment.service.UserServiceTest@4e04a765]" name="editProfileDuplicatedKeyExceptionTest" duration-ms="5" started-at="2017-04-14T17:43:26Z" finished-at="2017-04-14T17:43:26Z">
          <exception class="org.springframework.dao.DuplicateKeyException">
            <full-stacktrace>
              <![CDATA[org.springframework.dao.DuplicateKeyException
]]>
            </full-stacktrace>
          </exception> <!-- org.springframework.dao.DuplicateKeyException -->
          <reporter-output>
          </reporter-output>
        </test-method> <!-- editProfileDuplicatedKeyExceptionTest -->
        <test-method status="PASS" signature="editProfileSuccessTest()[pri:0, instance:com.epam.apartment.service.UserServiceTest@4e04a765]" name="editProfileSuccessTest" duration-ms="1" started-at="2017-04-14T17:43:26Z" finished-at="2017-04-14T17:43:26Z">
          <reporter-output>
          </reporter-output>
        </test-method> <!-- editProfileSuccessTest -->
        <test-method status="PASS" signature="registerNewUserSuccessTest()[pri:0, instance:com.epam.apartment.service.UserServiceTest@4e04a765]" name="registerNewUserSuccessTest" duration-ms="26" started-at="2017-04-14T17:43:26Z" finished-at="2017-04-14T17:43:26Z">
          <reporter-output>
          </reporter-output>
        </test-method> <!-- registerNewUserSuccessTest -->
        <test-method status="PASS" signature="registerNewUserThrowDuplicatedKeyExceptionTest()[pri:0, instance:com.epam.apartment.service.UserServiceTest@4e04a765]" name="registerNewUserThrowDuplicatedKeyExceptionTest" duration-ms="1" started-at="2017-04-14T17:43:26Z" finished-at="2017-04-14T17:43:26Z">
          <exception class="org.springframework.dao.DuplicateKeyException">
            <full-stacktrace>
              <![CDATA[org.springframework.dao.DuplicateKeyException
]]>
            </full-stacktrace>
          </exception> <!-- org.springframework.dao.DuplicateKeyException -->
          <reporter-output>
          </reporter-output>
        </test-method> <!-- registerNewUserThrowDuplicatedKeyExceptionTest -->
        <test-method status="PASS" signature="registerNewUserUnmatchingPswdsTest()[pri:0, instance:com.epam.apartment.service.UserServiceTest@4e04a765]" name="registerNewUserUnmatchingPswdsTest" duration-ms="1" started-at="2017-04-14T17:43:26Z" finished-at="2017-04-14T17:43:26Z">
          <exception class="com.epam.apartment.service.ServiceException">
            <full-stacktrace>
              <![CDATA[com.epam.apartment.service.ServiceException
	at com.epam.apartment.service.impl.UserServiceImpl.registerNewUser(UserServiceImpl.java:24)
	at com.epam.apartment.service.UserServiceTest.registerNewUserUnmatchingPswdsTest(UserServiceTest.java:58)
	at sun.reflect.NativeMethodAccessorImpl.invoke0(Native Method)
	at sun.reflect.NativeMethodAccessorImpl.invoke(NativeMethodAccessorImpl.java:62)
	at sun.reflect.DelegatingMethodAccessorImpl.invoke(DelegatingMethodAccessorImpl.java:43)
	at java.lang.reflect.Method.invoke(Method.java:498)
	at org.testng.internal.MethodInvocationHelper.invokeMethod(MethodInvocationHelper.java:85)
	at org.testng.internal.Invoker.invokeMethod(Invoker.java:659)
	at org.testng.internal.Invoker.invokeTestMethod(Invoker.java:845)
	at org.testng.internal.Invoker.invokeTestMethods(Invoker.java:1153)
	at org.testng.internal.TestMethodWorker.invokeTestMethods(TestMethodWorker.java:125)
	at org.testng.internal.TestMethodWorker.run(TestMethodWorker.java:108)
	at org.testng.TestRunner.privateRun(TestRunner.java:771)
	at org.testng.TestRunner.run(TestRunner.java:621)
	at org.testng.SuiteRunner.runTest(SuiteRunner.java:357)
	at org.testng.SuiteRunner.runSequentially(SuiteRunner.java:352)
	at org.testng.SuiteRunner.privateRun(SuiteRunner.java:310)
	at org.testng.SuiteRunner.run(SuiteRunner.java:259)
	at org.testng.SuiteRunnerWorker.runSuite(SuiteRunnerWorker.java:52)
	at org.testng.SuiteRunnerWorker.run(SuiteRunnerWorker.java:86)
	at org.testng.TestNG.runSuitesSequentially(TestNG.java:1199)
	at org.testng.TestNG.runSuitesLocally(TestNG.java:1124)
	at org.testng.TestNG.run(TestNG.java:1032)
	at org.apache.maven.surefire.testng.TestNGExecutor.run(TestNGExecutor.java:77)
	at org.apache.maven.surefire.testng.TestNGDirectoryTestSuite.executeMulti(TestNGDirectoryTestSuite.java:159)
	at org.apache.maven.surefire.testng.TestNGDirectoryTestSuite.execute(TestNGDirectoryTestSuite.java:99)
	at org.apache.maven.surefire.testng.TestNGProvider.invoke(TestNGProvider.java:106)
	at sun.reflect.NativeMethodAccessorImpl.invoke0(Native Method)
	at sun.reflect.NativeMethodAccessorImpl.invoke(NativeMethodAccessorImpl.java:62)
	at sun.reflect.DelegatingMethodAccessorImpl.invoke(DelegatingMethodAccessorImpl.java:43)
	at java.lang.reflect.Method.invoke(Method.java:498)
	at org.apache.maven.surefire.util.ReflectionUtils.invokeMethodWithArray(ReflectionUtils.java:189)
	at org.apache.maven.surefire.booter.ProviderFactory$ProviderProxy.invoke(ProviderFactory.java:165)
	at org.apache.maven.surefire.booter.ProviderFactory.invokeProvider(ProviderFactory.java:85)
	at org.apache.maven.surefire.booter.ForkedBooter.runSuitesInProcess(ForkedBooter.java:115)
	at org.apache.maven.surefire.booter.ForkedBooter.main(ForkedBooter.java:75)
]]>
            </full-stacktrace>
          </exception> <!-- com.epam.apartment.service.ServiceException -->
          <reporter-output>
          </reporter-output>
        </test-method> <!-- registerNewUserUnmatchingPswdsTest -->
        <test-method status="PASS" signature="restorePswdMatchingPswdsTest()[pri:0, instance:com.epam.apartment.service.UserServiceTest@4e04a765]" name="restorePswdMatchingPswdsTest" duration-ms="1" started-at="2017-04-14T17:43:26Z" finished-at="2017-04-14T17:43:26Z">
          <reporter-output>
          </reporter-output>
        </test-method> <!-- restorePswdMatchingPswdsTest -->
        <test-method status="PASS" signature="restorePswdUnmatchingPswdsTest()[pri:0, instance:com.epam.apartment.service.UserServiceTest@4e04a765]" name="restorePswdUnmatchingPswdsTest" duration-ms="1" started-at="2017-04-14T17:43:26Z" finished-at="2017-04-14T17:43:26Z">
          <exception class="com.epam.apartment.service.ServiceException">
            <full-stacktrace>
              <![CDATA[com.epam.apartment.service.ServiceException
	at com.epam.apartment.service.impl.UserServiceImpl.restorePswd(UserServiceImpl.java:42)
	at com.epam.apartment.service.UserServiceTest.restorePswdUnmatchingPswdsTest(UserServiceTest.java:94)
	at sun.reflect.NativeMethodAccessorImpl.invoke0(Native Method)
	at sun.reflect.NativeMethodAccessorImpl.invoke(NativeMethodAccessorImpl.java:62)
	at sun.reflect.DelegatingMethodAccessorImpl.invoke(DelegatingMethodAccessorImpl.java:43)
	at java.lang.reflect.Method.invoke(Method.java:498)
	at org.testng.internal.MethodInvocationHelper.invokeMethod(MethodInvocationHelper.java:85)
	at org.testng.internal.Invoker.invokeMethod(Invoker.java:659)
	at org.testng.internal.Invoker.invokeTestMethod(Invoker.java:845)
	at org.testng.internal.Invoker.invokeTestMethods(Invoker.java:1153)
	at org.testng.internal.TestMethodWorker.invokeTestMethods(TestMethodWorker.java:125)
	at org.testng.internal.TestMethodWorker.run(TestMethodWorker.java:108)
	at org.testng.TestRunner.privateRun(TestRunner.java:771)
	at org.testng.TestRunner.run(TestRunner.java:621)
	at org.testng.SuiteRunner.runTest(SuiteRunner.java:357)
	at org.testng.SuiteRunner.runSequentially(SuiteRunner.java:352)
	at org.testng.SuiteRunner.privateRun(SuiteRunner.java:310)
	at org.testng.SuiteRunner.run(SuiteRunner.java:259)
	at org.testng.SuiteRunnerWorker.runSuite(SuiteRunnerWorker.java:52)
	at org.testng.SuiteRunnerWorker.run(SuiteRunnerWorker.java:86)
	at org.testng.TestNG.runSuitesSequentially(TestNG.java:1199)
	at org.testng.TestNG.runSuitesLocally(TestNG.java:1124)
	at org.testng.TestNG.run(TestNG.java:1032)
	at org.apache.maven.surefire.testng.TestNGExecutor.run(TestNGExecutor.java:77)
	at org.apache.maven.surefire.testng.TestNGDirectoryTestSuite.executeMulti(TestNGDirectoryTestSuite.java:159)
	at org.apache.maven.surefire.testng.TestNGDirectoryTestSuite.execute(TestNGDirectoryTestSuite.java:99)
	at org.apache.maven.surefire.testng.TestNGProvider.invoke(TestNGProvider.java:106)
	at sun.reflect.NativeMethodAccessorImpl.invoke0(Native Method)
	at sun.reflect.NativeMethodAccessorImpl.invoke(NativeMethodAccessorImpl.java:62)
	at sun.reflect.DelegatingMethodAccessorImpl.invoke(DelegatingMethodAccessorImpl.java:43)
	at java.lang.reflect.Method.invoke(Method.java:498)
	at org.apache.maven.surefire.util.ReflectionUtils.invokeMethodWithArray(ReflectionUtils.java:189)
	at org.apache.maven.surefire.booter.ProviderFactory$ProviderProxy.invoke(ProviderFactory.java:165)
	at org.apache.maven.surefire.booter.ProviderFactory.invokeProvider(ProviderFactory.java:85)
	at org.apache.maven.surefire.booter.ForkedBooter.runSuitesInProcess(ForkedBooter.java:115)
	at org.apache.maven.surefire.booter.ForkedBooter.main(ForkedBooter.java:75)
]]>
            </full-stacktrace>
          </exception> <!-- com.epam.apartment.service.ServiceException -->
          <reporter-output>
          </reporter-output>
        </test-method> <!-- restorePswdUnmatchingPswdsTest -->
      </class> <!-- com.epam.apartment.service.UserServiceTest -->
    </test> <!-- Command line test -->
  </suite> <!-- Command line suite -->
</testng-results>
