<?xml version="1.0" encoding="UTF-8"?>
<!-- Generated by org.testng.reporters.JUnitXMLReporter -->
<testsuite hostname="EPBYMINW1306" name="Command line test" tests="14" failures="0" timestamp="14 Apr 2017 14:43:21 GMT" time="3.189" errors="0">
  <testcase name="findApartmentByCriteriaCityCountryTest" time="0.058" classname="com.epam.apartment.dao.ApartmentDaoTest"/>
  <testcase name="findAvailableApartmentsForDatesWithBookingsTest" time="0.03" classname="com.epam.apartment.dao.ApartmentDaoTest"/>
  <testcase name="findAvailableApartmentsForDatesWithoutBookingsTest" time="0.01" classname="com.epam.apartment.dao.ApartmentDaoTest"/>
  <testcase name="findConcreteApartmentByExistedNameTest" time="0.012" classname="com.epam.apartment.dao.ApartmentDaoTest"/>
  <testcase name="findConcreteApartmentByUnexistedNameTest" time="0.009" classname="com.epam.apartment.dao.ApartmentDaoTest"/>
  <testcase name="authoriseUserReturnNullTest" time="0.021" classname="com.epam.apartment.dao.UserDaoTest"/>
  <testcase name="authoriseUserSuccessTest" time="0.002" classname="com.epam.apartment.dao.UserDaoTest"/>
  <testcase name="changePswdSuccessTest" time="0.003" classname="com.epam.apartment.dao.UserDaoTest"/>
  <testcase name="editProfileSuccessTest" time="0.009" classname="com.epam.apartment.dao.UserDaoTest"/>
  <testcase name="editProfileThrowsDuplicatedKeyExceptionTest" time="0.207" classname="com.epam.apartment.dao.UserDaoTest"/>
  <testcase name="registerNewUserSuccessTest" time="0.007" classname="com.epam.apartment.dao.UserDaoTest"/>
  <testcase name="registerNewUserWithSameEmailTest" time="0.009" classname="com.epam.apartment.dao.UserDaoTest"/>
  <testcase name="restorePswdSuccessTest" time="0.002" classname="com.epam.apartment.dao.UserDaoTest"/>
  <testcase name="restorePswdWithNotFoundEmailTest" time="0.018" classname="com.epam.apartment.dao.UserDaoTest"/>
</testsuite> <!-- Command line test -->
