<?xml version="1.0" encoding="UTF-8"?>
<!-- Generated by org.testng.reporters.JUnitXMLReporter -->
<testsuite hostname="EPBYMINW1306" name="Default test" tests="10" failures="0" timestamp="17 Apr 2017 08:01:23 GMT" time="1.281" errors="0">
  <testcase name="aithoriseUserUnexistedEmailTest" time="0.041" classname="com.epam.apartment.service.UserServiceTest"/>
  <testcase name="authoriseUserSuccessTest" time="0.003" classname="com.epam.apartment.service.UserServiceTest"/>
  <testcase name="changePswdSuccessTest" time="0.003" classname="com.epam.apartment.service.UserServiceTest"/>
  <testcase name="editProfileDuplicatedKeyExceptionTest" time="0.011" classname="com.epam.apartment.service.UserServiceTest"/>
  <testcase name="editProfileSuccessTest" time="0.006" classname="com.epam.apartment.service.UserServiceTest"/>
  <testcase name="registerNewUserSuccessTest" time="0.019" classname="com.epam.apartment.service.UserServiceTest"/>
  <testcase name="registerNewUserThrowDuplicatedKeyExceptionTest" time="0.003" classname="com.epam.apartment.service.UserServiceTest"/>
  <testcase name="registerNewUserUnmatchingPswdsTest" time="0.002" classname="com.epam.apartment.service.UserServiceTest"/>
  <testcase name="restorePswdMatchingPswdsTest" time="0.01" classname="com.epam.apartment.service.UserServiceTest"/>
  <testcase name="restorePswdUnmatchingPswdsTest" time="0.012" classname="com.epam.apartment.service.UserServiceTest"/>
</testsuite> <!-- Default test -->
