<?xml version="1.0" encoding="UTF-8"?>
<!-- Generated by org.testng.reporters.JUnitXMLReporter -->
<testsuite hostname="EPBYMINW1306" name="Default test" tests="10" failures="0" timestamp="14 Apr 2017 14:26:35 GMT" time="1.315" errors="0">
  <testcase name="aithoriseUserUnexistedEmailTest" time="0.033" classname="com.epam.apartment.service.UserServiceTest"/>
  <testcase name="authoriseUserSuccessTest" time="0.009" classname="com.epam.apartment.service.UserServiceTest"/>
  <testcase name="changePswdSuccessTest" time="0.005" classname="com.epam.apartment.service.UserServiceTest"/>
  <testcase name="editProfileDuplicatedKeyExceptionTest" time="0.012" classname="com.epam.apartment.service.UserServiceTest"/>
  <testcase name="editProfileSuccessTest" time="0.005" classname="com.epam.apartment.service.UserServiceTest"/>
  <testcase name="registerNewUserSuccessTest" time="0.015" classname="com.epam.apartment.service.UserServiceTest"/>
  <testcase name="registerNewUserThrowDuplicatedKeyExceptionTest" time="0.003" classname="com.epam.apartment.service.UserServiceTest"/>
  <testcase name="registerNewUserUnmatchingPswdsTest" time="0.003" classname="com.epam.apartment.service.UserServiceTest"/>
  <testcase name="restorePswdMatchingPswdsTest" time="0.016" classname="com.epam.apartment.service.UserServiceTest"/>
  <testcase name="restorePswdUnmatchingPswdsTest" time="0.035" classname="com.epam.apartment.service.UserServiceTest"/>
</testsuite> <!-- Default test -->
